app/build/intermediates/manifest_merge_blame_file/debug/manifest-merger-blame-debug-report.txt
1<?xml version="1.0" encoding="utf-8"?>
2<manifest xmlns:android="http://schemas.android.com/apk/res/android"
3    package="com.example.thingsboard"
4    android:versionCode="1"
5    android:versionName="1.0" >
6
7    <uses-sdk
8        android:minSdkVersion="21"
8-->src\main\AndroidManifest.xml
9        android:targetSdkVersion="30" />
9-->src\main\AndroidManifest.xml
10
11    <uses-permission android:name="android.permission.INTERNET" />
11-->src\main\AndroidManifest.xml:5:5-67
11-->src\main\AndroidManifest.xml:5:22-64
12    <uses-permission android:name="android.permission.WRITE_EXTERNAL_STORAGE" />
12-->src\main\AndroidManifest.xml:6:5-81
12-->src\main\AndroidManifest.xml:6:22-78
13    <uses-permission android:name="android.permission.READ_EXTERNAL_STORAGE" />
13-->src\main\AndroidManifest.xml:7:5-80
13-->src\main\AndroidManifest.xml:7:22-77
14    <!-- Android11新增 -->
15    <uses-permission android:name="android.permission.MANAGE_EXTERNAL_STORAGE" />
15-->src\main\AndroidManifest.xml:9:5-82
15-->src\main\AndroidManifest.xml:9:22-79
16
17    <!-- Include required permissions for Google Maps API to run. -->
18    <uses-permission android:name="android.permission.ACCESS_NETWORK_STATE" />
18-->[com.google.android.gms:play-services-maps:17.0.1] AndroidManifest.xml:23:5-79
18-->[com.google.android.gms:play-services-maps:17.0.1] AndroidManifest.xml:23:22-76
19
20    <uses-feature
20-->[com.google.android.gms:play-services-maps:17.0.1] AndroidManifest.xml:26:5-28:35
21        android:glEsVersion="0x00020000"
21-->[com.google.android.gms:play-services-maps:17.0.1] AndroidManifest.xml:27:9-41
22        android:required="true" />
22-->[com.google.android.gms:play-services-maps:17.0.1] AndroidManifest.xml:28:9-32
23
24    <queries>
24-->[com.google.android.gms:play-services-maps:17.0.1] AndroidManifest.xml:30:5-34:15
25
26        <!-- Needs to be explicitly declared on Android R+ -->
27        <package android:name="com.google.android.apps.maps" />
27-->[com.google.android.gms:play-services-maps:17.0.1] AndroidManifest.xml:33:9-64
27-->[com.google.android.gms:play-services-maps:17.0.1] AndroidManifest.xml:33:18-61
28    </queries>
29
30    <application
30-->src\main\AndroidManifest.xml:11:5-60:19
31        android:allowBackup="true"
31-->src\main\AndroidManifest.xml:12:9-35
32        android:appComponentFactory="androidx.core.app.CoreComponentFactory"
32-->[androidx.core:core:1.3.1] AndroidManifest.xml:24:18-86
33        android:debuggable="true"
34        android:icon="@drawable/bg"
34-->src\main\AndroidManifest.xml:13:9-36
35        android:label="@string/app_name"
35-->src\main\AndroidManifest.xml:14:9-41
36        android:requestLegacyExternalStorage="true"
36-->src\main\AndroidManifest.xml:15:9-52
37        android:roundIcon="@drawable/bg"
37-->src\main\AndroidManifest.xml:16:9-41
38        android:supportsRtl="true"
38-->src\main\AndroidManifest.xml:17:9-35
39        android:testOnly="true"
40        android:theme="@style/Theme.ThingsBoard" >
40-->src\main\AndroidManifest.xml:18:9-49
41        <activity
41-->src\main\AndroidManifest.xml:19:9-21:40
42            android:name="com.example.thingsboard.History"
42-->src\main\AndroidManifest.xml:20:13-36
43            android:exported="false" />
43-->src\main\AndroidManifest.xml:21:13-37
44        <!--
45             TODO: Before you run your application, you need a Google Maps API key.
46
47             To get one, follow the directions here:
48
49                https://developers.google.com/maps/documentation/android-sdk/get-api-key
50
51             Once you have your API key (it starts with "AIza"), define a new property in your
52             project's local.properties file (e.g. MAPS_API_KEY=Aiza...), and replace the
53             "YOUR_API_KEY" string in this file with "${MAPS_API_KEY}".
54        -->
55        <meta-data
55-->src\main\AndroidManifest.xml:33:9-35:44
56            android:name="com.google.android.geo.API_KEY"
56-->src\main\AndroidManifest.xml:34:13-58
57            android:value="YOUR_API_KEY" />
57-->src\main\AndroidManifest.xml:35:13-41
58
59        <activity
59-->src\main\AndroidManifest.xml:37:9-39:39
60            android:name="com.example.data.Data"
60-->src\main\AndroidManifest.xml:38:13-49
61            android:exported="true" />
61-->src\main\AndroidManifest.xml:39:13-36
62        <activity
62-->src\main\AndroidManifest.xml:40:9-42:39
63            android:name="com.example.devices.Devices_RGB"
63-->src\main\AndroidManifest.xml:41:13-59
64            android:exported="true" />
64-->src\main\AndroidManifest.xml:42:13-36
65        <activity
65-->src\main\AndroidManifest.xml:43:9-45:39
66            android:name="com.example.devices.Devices_4017"
66-->src\main\AndroidManifest.xml:44:13-60
67            android:exported="true" />
67-->src\main\AndroidManifest.xml:45:13-36
68        <activity
68-->src\main\AndroidManifest.xml:46:9-48:39
69            android:name="com.example.devices.Devices_4150"
69-->src\main\AndroidManifest.xml:47:13-60
70            android:exported="true" />
70-->src\main\AndroidManifest.xml:48:13-36
71        <activity android:name="com.example.menu.Add_Connect" />
71-->src\main\AndroidManifest.xml:49:9-65
71-->src\main\AndroidManifest.xml:49:19-62
72        <activity android:name="com.example.menu.Connect" />
72-->src\main\AndroidManifest.xml:50:9-61
72-->src\main\AndroidManifest.xml:50:19-58
73        <activity
73-->src\main\AndroidManifest.xml:51:9-59:20
74            android:name="com.example.thingsboard.Menu"
74-->src\main\AndroidManifest.xml:52:13-33
75            android:exported="true" >
75-->src\main\AndroidManifest.xml:53:13-36
76            <intent-filter>
76-->src\main\AndroidManifest.xml:54:13-58:29
77                <action android:name="android.intent.action.MAIN" />
77-->src\main\AndroidManifest.xml:55:17-69
77-->src\main\AndroidManifest.xml:55:25-66
78
79                <category android:name="android.intent.category.LAUNCHER" />
79-->src\main\AndroidManifest.xml:57:17-77
79-->src\main\AndroidManifest.xml:57:27-74
80            </intent-filter>
81        </activity>
82        <!-- Needs to be explicitly declared on P+ -->
83        <uses-library
83-->[com.google.android.gms:play-services-maps:17.0.1] AndroidManifest.xml:39:9-41:40
84            android:name="org.apache.http.legacy"
84-->[com.google.android.gms:play-services-maps:17.0.1] AndroidManifest.xml:40:13-50
85            android:required="false" />
85-->[com.google.android.gms:play-services-maps:17.0.1] AndroidManifest.xml:41:13-37
86
87        <activity
87-->[com.google.android.gms:play-services-base:17.0.0] AndroidManifest.xml:23:9-26:75
88            android:name="com.google.android.gms.common.api.GoogleApiActivity"
88-->[com.google.android.gms:play-services-base:17.0.0] AndroidManifest.xml:24:13-79
89            android:exported="false"
89-->[com.google.android.gms:play-services-base:17.0.0] AndroidManifest.xml:25:13-37
90            android:theme="@android:style/Theme.Translucent.NoTitleBar" />
90-->[com.google.android.gms:play-services-base:17.0.0] AndroidManifest.xml:26:13-72
91
92        <meta-data
92-->[com.google.android.gms:play-services-basement:17.0.0] AndroidManifest.xml:23:9-25:69
93            android:name="com.google.android.gms.version"
93-->[com.google.android.gms:play-services-basement:17.0.0] AndroidManifest.xml:24:13-58
94            android:value="@integer/google_play_services_version" />
94-->[com.google.android.gms:play-services-basement:17.0.0] AndroidManifest.xml:25:13-66
95    </application>
96
97</manifest>